<?xml version="1.0" encoding="UTF-8"?>
<!-- Generated by org.testng.reporters.JUnitReportReporter -->
<testsuite skipped="0" hostname="GVSSWAROOP" name="TestngProject.com.testng.Test_002" tests="4" failures="0" timestamp="28 Nov 2019 11:35:24 GMT" time="0.036" errors="0">
  <testcase name="g" time="0.015" classname="TestngProject.com.testng.Test_002"/>
  <testcase name="v" time="0.008" classname="TestngProject.com.testng.Test_002"/>
  <testcase name="s" time="0.007" classname="TestngProject.com.testng.Test_002"/>
  <testcase name="f" time="0.006" classname="TestngProject.com.testng.Test_002"/>
</testsuite> <!-- TestngProject.com.testng.Test_002 -->
