<?xml version="1.0" encoding="UTF-8"?>
<!-- Generated by org.testng.reporters.JUnitReportReporter -->
<testsuite skipped="0" hostname="GVSSWAROOP" name="Testng.co.WebTable003" tests="1" failures="0" timestamp="26 Dec 2019 14:25:50 GMT" time="34.157" errors="0">
  <testcase name="functions" time="34.157" classname="Testng.co.WebTable003"/>
</testsuite> <!-- Testng.co.WebTable003 -->
