<?xml version="1.0" encoding="UTF-8"?>
<!-- Generated by org.testng.reporters.JUnitReportReporter -->
<testsuite skipped="0" hostname="GVSSWAROOP" name="Testng.co.WebTable002" tests="1" failures="0" timestamp="25 Dec 2019 17:05:29 GMT" time="49.918" errors="0">
  <testcase name="actionOnTable" time="49.918" classname="Testng.co.WebTable002"/>
</testsuite> <!-- Testng.co.WebTable002 -->
