<?xml version="1.0" encoding="UTF-8"?>
<!-- Generated by org.testng.reporters.JUnitReportReporter -->
<testsuite skipped="0" hostname="GVSSWAROOP" name="Testng.co.WebTable001" tests="1" failures="0" timestamp="25 Dec 2019 15:07:08 GMT" time="32.650" errors="0">
  <testcase name="tableManuplations" time="32.650" classname="Testng.co.WebTable001"/>
</testsuite> <!-- Testng.co.WebTable001 -->
