<?xml version="1.0" encoding="UTF-8"?>
<!-- Generated by org.testng.reporters.JUnitReportReporter -->
<testsuite skipped="2" hostname="GVSSWAROOP" name="TestngProject.com.testng.NewTest" tests="3" failures="0" timestamp="28 Nov 2019 11:52:06 GMT" time="0.014" errors="0">
  <testcase name="f" time="0.008" classname="TestngProject.com.testng.NewTest"/>
  <testcase name="g" time="0.006" classname="TestngProject.com.testng.NewTest">
    <skipped/>
  </testcase> <!-- g -->
  <testcase name="s" classname="TestngProject.com.testng.NewTest">
    <skipped/>
  </testcase> <!-- s -->
</testsuite> <!-- TestngProject.com.testng.NewTest -->
