<?xml version="1.0" encoding="UTF-8"?>
<!-- Generated by org.testng.reporters.JUnitReportReporter -->
<testsuite skipped="0" hostname="GVSSWAROOP" name="Testng.co.Tc_001" tests="1" failures="0" timestamp="24 Dec 2019 18:03:00 GMT" time="0.251" errors="0">
  <testcase name="functnality" time="0.251" classname="Testng.co.Tc_001"/>
</testsuite> <!-- Testng.co.Tc_001 -->
