<?xml version="1.0" encoding="UTF-8"?>
<!-- Generated by org.testng.reporters.JUnitReportReporter -->
<testsuite skipped="0" hostname="GVSSWAROOP" name="com.actions.WebTables" tests="1" failures="0" timestamp="20 Dec 2019 15:12:18 GMT" time="61.552" errors="0">
  <testcase name="dynamicTables" time="61.552" classname="com.actions.WebTables"/>
</testsuite> <!-- com.actions.WebTables -->
