<?xml version="1.0" encoding="UTF-8"?>
<!-- Generated by org.testng.reporters.JUnitReportReporter -->
<testsuite skipped="0" hostname="GVSSWAROOP" name="Testng.co.WebTableRowsAndColums" tests="1" failures="0" timestamp="26 Dec 2019 05:21:21 GMT" time="30.670" errors="0">
  <testcase name="rowsAndColums" time="30.670" classname="Testng.co.WebTableRowsAndColums"/>
</testsuite> <!-- Testng.co.WebTableRowsAndColums -->
