<?xml version="1.0" encoding="UTF-8"?>
<!-- Generated by org.testng.reporters.JUnitReportReporter -->
<testsuite skipped="1" hostname="GVSSWAROOP" name="TestngProject.com.testng.Test_004" tests="2" failures="0" timestamp="09 Dec 2019 05:38:44 GMT" time="0.010" errors="0">
  <testcase name="g" time="0.007" classname="TestngProject.com.testng.Test_004">
    <skipped/>
  </testcase> <!-- g -->
  <testcase name="f" time="0.003" classname="TestngProject.com.testng.Test_004"/>
</testsuite> <!-- TestngProject.com.testng.Test_004 -->
