<?xml version="1.0" encoding="UTF-8"?>
<!-- Generated by org.testng.reporters.JUnitReportReporter -->
<testsuite skipped="0" hostname="GVSSWAROOP" name="TestngProject.com.testng.Test_001" tests="3" failures="0" timestamp="28 Nov 2019 10:31:03 GMT" time="0.039" errors="0">
  <testcase name="g" time="0.005" classname="TestngProject.com.testng.Test_001"/>
  <testcase name="h" time="0.003" classname="TestngProject.com.testng.Test_001"/>
  <testcase name="f" time="0.031" classname="TestngProject.com.testng.Test_001"/>
</testsuite> <!-- TestngProject.com.testng.Test_001 -->
