<?xml version="1.0" encoding="UTF-8"?>
<!-- Generated by org.testng.reporters.JUnitReportReporter -->
<testsuite skipped="0" hostname="GVSSWAROOP" name="Testng.co.WebTables004" tests="1" failures="0" timestamp="28 Dec 2019 12:31:18 GMT" time="33.768" errors="0">
  <testcase name="tableManuplations" time="33.768" classname="Testng.co.WebTables004"/>
</testsuite> <!-- Testng.co.WebTables004 -->
