<?xml version="1.0" encoding="UTF-8"?>
<!-- Generated by org.testng.reporters.JUnitReportReporter -->
<testsuite skipped="0" hostname="GVSSWAROOP" name="Testng.co.Tc_001" tests="1" failures="0" timestamp="25 Dec 2019 08:11:29 GMT" time="0.406" errors="0">
  <testcase name="functnality" time="0.406" classname="Testng.co.Tc_001"/>
</testsuite> <!-- Testng.co.Tc_001 -->
